<?xml version="1.0" encoding="UTF-8"?>
<!-- Generated by org.testng.reporters.JUnitReportReporter -->
<testsuite skipped="0" hostname="DESKTOP-8CD3TD4" name="user.UserTest" tests="1" failures="0" timestamp="2019-12-04T19:14:09 CST" time="2.430" errors="0">
  <testcase name="userFindByIdTest" time="2.430" classname="user.UserTest"/>
</testsuite> <!-- user.UserTest -->
